{"reason":"compiler-message","package_id":"path+file:///D:/Project/RustLang-Learning/functions#0.1.0","manifest_path":"D:\\Project\\RustLang-Learning\\functions\\Cargo.toml","target":{"kind":["bin"],"crate_types":["bin"],"name":"functions","src_path":"D:\\Project\\RustLang-Learning\\functions\\src\\main.rs","edition":"2024","doc":true,"doctest":false,"test":true},"message":{"$message_type":"diagnostic","message":"mismatched types","code":{"code":"E0308","explanation":"Expected type did not match the received type.\n\nErroneous code examples:\n\n```compile_fail,E0308\nfn plus_one(x: i32) -> i32 {\n    x + 1\n}\n\nplus_one(\"Not a number\");\n//       ^^^^^^^^^^^^^^ expected `i32`, found `&str`\n\nif \"Not a bool\" {\n// ^^^^^^^^^^^^ expected `bool`, found `&str`\n}\n\nlet x: f32 = \"Not a float\";\n//     ---   ^^^^^^^^^^^^^ expected `f32`, found `&str`\n//     |\n//     expected due to this\n```\n\nThis error occurs when an expression was used in a place where the compiler\nexpected an expression of a different type. It can occur in several cases, the\nmost common being when calling a function and passing an argument which has a\ndifferent type than the matching type in the function declaration.\n"},"level":"error","spans":[{"file_name":"src\\main.rs","byte_start":240,"byte_end":243,"line_start":16,"line_end":16,"column_start":28,"column_end":31,"is_primary":true,"text":[{"text":"fn test_return(x : i32) -> i32 {","highlight_start":28,"highlight_end":31}],"label":"expected `i32`, found `()`","suggested_replacement":null,"suggestion_applicability":null,"expansion":null},{"file_name":"src\\main.rs","byte_start":216,"byte_end":227,"line_start":16,"line_end":16,"column_start":4,"column_end":15,"is_primary":false,"text":[{"text":"fn test_return(x : i32) -> i32 {","highlight_start":4,"highlight_end":15}],"label":"implicitly returns `()` as its body has no tail or `return` expression","suggested_replacement":null,"suggestion_applicability":null,"expansion":null}],"children":[{"message":"remove this semicolon to return this value","code":null,"level":"help","spans":[{"file_name":"src\\main.rs","byte_start":255,"byte_end":256,"line_start":17,"line_end":17,"column_start":10,"column_end":11,"is_primary":true,"text":[{"text":"    x + 5;","highlight_start":10,"highlight_end":11}],"label":null,"suggested_replacement":"","suggestion_applicability":"MachineApplicable","expansion":null}],"children":[],"rendered":null}],"rendered":"\u001b[1m\u001b[91merror[E0308]\u001b[0m\u001b[1m\u001b[97m: mismatched types\u001b[0m\n  \u001b[1m\u001b[96m--> \u001b[0msrc\\main.rs:16:28\n   \u001b[1m\u001b[96m|\u001b[0m\n\u001b[1m\u001b[96m16\u001b[0m \u001b[1m\u001b[96m|\u001b[0m fn test_return(x : i32) -> i32 {\n   \u001b[1m\u001b[96m|\u001b[0m    \u001b[1m\u001b[96m-----------\u001b[0m             \u001b[1m\u001b[91m^^^\u001b[0m \u001b[1m\u001b[91mexpected `i32`, found `()`\u001b[0m\n   \u001b[1m\u001b[96m|\u001b[0m    \u001b[1m\u001b[96m|\u001b[0m\n   \u001b[1m\u001b[96m|\u001b[0m    \u001b[1m\u001b[96mimplicitly returns `()` as its body has no tail or `return` expression\u001b[0m\n\u001b[1m\u001b[96m17\u001b[0m \u001b[1m\u001b[96m|\u001b[0m     x + 5;\n   \u001b[1m\u001b[96m|\u001b[0m          \u001b[1m\u001b[96m-\u001b[0m \u001b[1m\u001b[96mhelp: remove this semicolon to return this value\u001b[0m\n\n"}}
{"reason":"compiler-message","package_id":"path+file:///D:/Project/RustLang-Learning/functions#0.1.0","manifest_path":"D:\\Project\\RustLang-Learning\\functions\\Cargo.toml","target":{"kind":["bin"],"crate_types":["bin"],"name":"functions","src_path":"D:\\Project\\RustLang-Learning\\functions\\src\\main.rs","edition":"2024","doc":true,"doctest":false,"test":true},"message":{"$message_type":"diagnostic","message":"For more information about this error, try `rustc --explain E0308`.","code":null,"level":"failure-note","spans":[],"children":[],"rendered":"\u001b[1m\u001b[97mFor more information about this error, try `rustc --explain E0308`.\u001b[0m\n"}}
{"reason":"compiler-message","package_id":"path+file:///D:/Project/RustLang-Learning/functions#0.1.0","manifest_path":"D:\\Project\\RustLang-Learning\\functions\\Cargo.toml","target":{"kind":["bin"],"crate_types":["bin"],"name":"functions","src_path":"D:\\Project\\RustLang-Learning\\functions\\src\\main.rs","edition":"2024","doc":true,"doctest":false,"test":true},"message":{"$message_type":"diagnostic","message":"mismatched types","code":{"code":"E0308","explanation":"Expected type did not match the received type.\n\nErroneous code examples:\n\n```compile_fail,E0308\nfn plus_one(x: i32) -> i32 {\n    x + 1\n}\n\nplus_one(\"Not a number\");\n//       ^^^^^^^^^^^^^^ expected `i32`, found `&str`\n\nif \"Not a bool\" {\n// ^^^^^^^^^^^^ expected `bool`, found `&str`\n}\n\nlet x: f32 = \"Not a float\";\n//     ---   ^^^^^^^^^^^^^ expected `f32`, found `&str`\n//     |\n//     expected due to this\n```\n\nThis error occurs when an expression was used in a place where the compiler\nexpected an expression of a different type. It can occur in several cases, the\nmost common being when calling a function and passing an argument which has a\ndifferent type than the matching type in the function declaration.\n"},"level":"error","spans":[{"file_name":"src\\main.rs","byte_start":240,"byte_end":243,"line_start":16,"line_end":16,"column_start":28,"column_end":31,"is_primary":true,"text":[{"text":"fn test_return(x : i32) -> i32 {","highlight_start":28,"highlight_end":31}],"label":"expected `i32`, found `()`","suggested_replacement":null,"suggestion_applicability":null,"expansion":null},{"file_name":"src\\main.rs","byte_start":216,"byte_end":227,"line_start":16,"line_end":16,"column_start":4,"column_end":15,"is_primary":false,"text":[{"text":"fn test_return(x : i32) -> i32 {","highlight_start":4,"highlight_end":15}],"label":"implicitly returns `()` as its body has no tail or `return` expression","suggested_replacement":null,"suggestion_applicability":null,"expansion":null}],"children":[{"message":"remove this semicolon to return this value","code":null,"level":"help","spans":[{"file_name":"src\\main.rs","byte_start":255,"byte_end":256,"line_start":17,"line_end":17,"column_start":10,"column_end":11,"is_primary":true,"text":[{"text":"    x + 5;","highlight_start":10,"highlight_end":11}],"label":null,"suggested_replacement":"","suggestion_applicability":"MachineApplicable","expansion":null}],"children":[],"rendered":null}],"rendered":"\u001b[1m\u001b[91merror[E0308]\u001b[0m\u001b[1m\u001b[97m: mismatched types\u001b[0m\n  \u001b[1m\u001b[96m--> \u001b[0msrc\\main.rs:16:28\n   \u001b[1m\u001b[96m|\u001b[0m\n\u001b[1m\u001b[96m16\u001b[0m \u001b[1m\u001b[96m|\u001b[0m fn test_return(x : i32) -> i32 {\n   \u001b[1m\u001b[96m|\u001b[0m    \u001b[1m\u001b[96m-----------\u001b[0m             \u001b[1m\u001b[91m^^^\u001b[0m \u001b[1m\u001b[91mexpected `i32`, found `()`\u001b[0m\n   \u001b[1m\u001b[96m|\u001b[0m    \u001b[1m\u001b[96m|\u001b[0m\n   \u001b[1m\u001b[96m|\u001b[0m    \u001b[1m\u001b[96mimplicitly returns `()` as its body has no tail or `return` expression\u001b[0m\n\u001b[1m\u001b[96m17\u001b[0m \u001b[1m\u001b[96m|\u001b[0m     x + 5;\n   \u001b[1m\u001b[96m|\u001b[0m          \u001b[1m\u001b[96m-\u001b[0m \u001b[1m\u001b[96mhelp: remove this semicolon to return this value\u001b[0m\n\n"}}
{"reason":"compiler-message","package_id":"path+file:///D:/Project/RustLang-Learning/functions#0.1.0","manifest_path":"D:\\Project\\RustLang-Learning\\functions\\Cargo.toml","target":{"kind":["bin"],"crate_types":["bin"],"name":"functions","src_path":"D:\\Project\\RustLang-Learning\\functions\\src\\main.rs","edition":"2024","doc":true,"doctest":false,"test":true},"message":{"$message_type":"diagnostic","message":"For more information about this error, try `rustc --explain E0308`.","code":null,"level":"failure-note","spans":[],"children":[],"rendered":"\u001b[1m\u001b[97mFor more information about this error, try `rustc --explain E0308`.\u001b[0m\n"}}
{"reason":"build-finished","success":false}
